
[2026-01-11 23:04:56] local.ERROR: Uncaught PDOException: SQLSTATE[42S22]: Column not found: 1054 Unknown column 'key' in 'where clause' in /Applications/MAMP/htdocs/shulesoft/school-ms/vendor/laravel/framework/src/Illuminate/Database/Connection.php:592
Stack trace:
#0 /Applications/MAMP/htdocs/shulesoft/school-ms/vendor/laravel/framework/src/Illuminate/Database/Connection.php(592): PDO->prepare('update `configs...')
#1 /Applications/MAMP/htdocs/shulesoft/school-ms/vendor/laravel/framework/src/Illuminate/Database/Connection.php(812): Illuminate\Database\Connection->{closure:Illuminate\Database\Connection::affectingStatement():584}('update `configs...', Array)
#2 /Applications/MAMP/htdocs/shulesoft/school-ms/vendor/laravel/framework/src/Illuminate/Database/Connection.php(779): Illuminate\Database\Connection->runQueryCallback('update `configs...', Array, Object(Closure))
#3 /Applications/MAMP/htdocs/shulesoft/school-ms/vendor/laravel/framework/src/Illuminate/Database/Connection.php(584): Illuminate\Database\Connection->run('update `configs...', Array, Object(Closure))
#4 /Applications/MAMP/htdocs/shulesoft/school-ms/vendor/laravel/framework/src/Illuminate/Database/Connection.php(536): Illuminate\Database\Connection->affectingStatement('update `configs...', Array)
#5 /Applications/MAMP/htdocs/shulesoft/school-ms/vendor/laravel/framework/src/Illuminate/Database/Query/Builder.php(3830): Illuminate\Database\Connection->update('update `configs...', Array)
#6 Command line code(6): Illuminate\Database\Query\Builder->update(Object(Illuminate\Support\Collection))
#7 {main}

Next Illuminate\Database\QueryException: SQLSTATE[42S22]: Column not found: 1054 Unknown column 'key' in 'where clause' (Connection: mysql, SQL: update `configs` set `value` = SkulSoft where `key` = general.app_name) in /Applications/MAMP/htdocs/shulesoft/school-ms/vendor/laravel/framework/src/Illuminate/Database/Connection.php:825
Stack trace:
#0 /Applications/MAMP/htdocs/shulesoft/school-ms/vendor/laravel/framework/src/Illuminate/Database/Connection.php(779): Illuminate\Database\Connection->runQueryCallback('update `configs...', Array, Object(Closure))
#1 /Applications/MAMP/htdocs/shulesoft/school-ms/vendor/laravel/framework/src/Illuminate/Database/Connection.php(584): Illuminate\Database\Connection->run('update `configs...', Array, Object(Closure))
#2 /Applications/MAMP/htdocs/shulesoft/school-ms/vendor/laravel/framework/src/Illuminate/Database/Connection.php(536): Illuminate\Database\Connection->affectingStatement('update `configs...', Array)
#3 /Applications/MAMP/htdocs/shulesoft/school-ms/vendor/laravel/framework/src/Illuminate/Database/Query/Builder.php(3830): Illuminate\Database\Connection->update('update `configs...', Array)
#4 Command line code(6): Illuminate\Database\Query\Builder->update(Object(Illuminate\Support\Collection))
#5 {main}
  thrown {"user":null,"url":"GET http://localhost:8000","exception":"[object] (Symfony\\Component\\ErrorHandler\\Error\\FatalError(code: 0): Uncaught PDOException: SQLSTATE[42S22]: Column not found: 1054 Unknown column 'key' in 'where clause' in /Applications/MAMP/htdocs/shulesoft/school-ms/vendor/laravel/framework/src/Illuminate/Database/Connection.php:592
Stack trace:
#0 /Applications/MAMP/htdocs/shulesoft/school-ms/vendor/laravel/framework/src/Illuminate/Database/Connection.php(592): PDO->prepare('update `configs...')
#1 /Applications/MAMP/htdocs/shulesoft/school-ms/vendor/laravel/framework/src/Illuminate/Database/Connection.php(812): Illuminate\\Database\\Connection->{closure:Illuminate\\Database\\Connection::affectingStatement():584}('update `configs...', Array)
#2 /Applications/MAMP/htdocs/shulesoft/school-ms/vendor/laravel/framework/src/Illuminate/Database/Connection.php(779): Illuminate\\Database\\Connection->runQueryCallback('update `configs...', Array, Object(Closure))
#3 /Applications/MAMP/htdocs/shulesoft/school-ms/vendor/laravel/framework/src/Illuminate/Database/Connection.php(584): Illuminate\\Database\\Connection->run('update `configs...', Array, Object(Closure))
#4 /Applications/MAMP/htdocs/shulesoft/school-ms/vendor/laravel/framework/src/Illuminate/Database/Connection.php(536): Illuminate\\Database\\Connection->affectingStatement('update `configs...', Array)
#5 /Applications/MAMP/htdocs/shulesoft/school-ms/vendor/laravel/framework/src/Illuminate/Database/Query/Builder.php(3830): Illuminate\\Database\\Connection->update('update `configs...', Array)
#6 Command line code(6): Illuminate\\Database\\Query\\Builder->update(Object(Illuminate\\Support\\Collection))
#7 {main}

Next Illuminate\\Database\\QueryException: SQLSTATE[42S22]: Column not found: 1054 Unknown column 'key' in 'where clause' (Connection: mysql, SQL: update `configs` set `value` = SkulSoft where `key` = general.app_name) in /Applications/MAMP/htdocs/shulesoft/school-ms/vendor/laravel/framework/src/Illuminate/Database/Connection.php:825
Stack trace:
#0 /Applications/MAMP/htdocs/shulesoft/school-ms/vendor/laravel/framework/src/Illuminate/Database/Connection.php(779): Illuminate\\Database\\Connection->runQueryCallback('update `configs...', Array, Object(Closure))
#1 /Applications/MAMP/htdocs/shulesoft/school-ms/vendor/laravel/framework/src/Illuminate/Database/Connection.php(584): Illuminate\\Database\\Connection->run('update `configs...', Array, Object(Closure))
#2 /Applications/MAMP/htdocs/shulesoft/school-ms/vendor/laravel/framework/src/Illuminate/Database/Connection.php(536): Illuminate\\Database\\Connection->affectingStatement('update `configs...', Array)
#3 /Applications/MAMP/htdocs/shulesoft/school-ms/vendor/laravel/framework/src/Illuminate/Database/Query/Builder.php(3830): Illuminate\\Database\\Connection->update('update `configs...', Array)
#4 Command line code(6): Illuminate\\Database\\Query\\Builder->update(Object(Illuminate\\Support\\Collection))
#5 {main}
  thrown at /Applications/MAMP/htdocs/shulesoft/school-ms/vendor/laravel/framework/src/Illuminate/Database/Connection.php:825)
[stacktrace]
#0 {main}
"} 
